{"C:\\QA_Final_Project\\backend\\index.js": {"path":"C:\\QA_Final_Project\\backend\\index.js","statementMap":{"0":{"start":{"line":1,"column":16},"end":{"line":1,"column":34}},"1":{"start":{"line":2,"column":13},"end":{"line":2,"column":28}},"2":{"start":{"line":3,"column":0},"end":{"line":3,"column":27}},"3":{"start":{"line":5,"column":19},"end":{"line":5,"column":49}},"4":{"start":{"line":6,"column":20},"end":{"line":6,"column":51}},"5":{"start":{"line":7,"column":22},"end":{"line":7,"column":55}},"6":{"start":{"line":9,"column":12},"end":{"line":9,"column":21}},"7":{"start":{"line":10,"column":13},"end":{"line":10,"column":37}},"8":{"start":{"line":12,"column":0},"end":{"line":12,"column":16}},"9":{"start":{"line":13,"column":0},"end":{"line":13,"column":24}},"10":{"start":{"line":15,"column":0},"end":{"line":15,"column":29}},"11":{"start":{"line":16,"column":0},"end":{"line":16,"column":33}},"12":{"start":{"line":17,"column":0},"end":{"line":17,"column":36}},"13":{"start":{"line":19,"column":0},"end":{"line":21,"column":3}},"14":{"start":{"line":20,"column":2},"end":{"line":20,"column":49}},"15":{"start":{"line":23,"column":0},"end":{"line":27,"column":1}},"16":{"start":{"line":24,"column":2},"end":{"line":26,"column":5}},"17":{"start":{"line":25,"column":4},"end":{"line":25,"column":50}},"18":{"start":{"line":29,"column":0},"end":{"line":29,"column":21}}},"fnMap":{"0":{"name":"(anonymous_0)","decl":{"start":{"line":19,"column":13},"end":{"line":19,"column":14}},"loc":{"start":{"line":19,"column":27},"end":{"line":21,"column":1}},"line":19},"1":{"name":"(anonymous_1)","decl":{"start":{"line":24,"column":19},"end":{"line":24,"column":20}},"loc":{"start":{"line":24,"column":25},"end":{"line":26,"column":3}},"line":24}},"branchMap":{"0":{"loc":{"start":{"line":10,"column":13},"end":{"line":10,"column":37}},"type":"binary-expr","locations":[{"start":{"line":10,"column":13},"end":{"line":10,"column":29}},{"start":{"line":10,"column":33},"end":{"line":10,"column":37}}],"line":10},"1":{"loc":{"start":{"line":23,"column":0},"end":{"line":27,"column":1}},"type":"if","locations":[{"start":{"line":23,"column":0},"end":{"line":27,"column":1}},{"start":{},"end":{}}],"line":23}},"s":{"0":1,"1":1,"2":1,"3":1,"4":1,"5":1,"6":1,"7":1,"8":1,"9":1,"10":1,"11":1,"12":1,"13":1,"14":0,"15":1,"16":0,"17":0,"18":1},"f":{"0":0,"1":0},"b":{"0":[1,0],"1":[0,1]},"_coverageSchema":"1a1c01bbd47fc00a2c39e90264f33305004495a9","hash":"a8ab95d8375ccce5d5a64e08a1abf1c7807bcb49"}
,"C:\\QA_Final_Project\\backend\\controllers\\authController.js": {"path":"C:\\QA_Final_Project\\backend\\controllers\\authController.js","statementMap":{"0":{"start":{"line":1,"column":15},"end":{"line":1,"column":34}},"1":{"start":{"line":2,"column":12},"end":{"line":2,"column":35}},"2":{"start":{"line":3,"column":11},"end":{"line":3,"column":27}},"3":{"start":{"line":4,"column":0},"end":{"line":4,"column":27}},"4":{"start":{"line":6,"column":17},"end":{"line":28,"column":1}},"5":{"start":{"line":7,"column":42},"end":{"line":7,"column":50}},"6":{"start":{"line":9,"column":2},"end":{"line":11,"column":3}},"7":{"start":{"line":10,"column":4},"end":{"line":10,"column":70}},"8":{"start":{"line":13,"column":2},"end":{"line":15,"column":3}},"9":{"start":{"line":14,"column":4},"end":{"line":14,"column":59}},"10":{"start":{"line":17,"column":2},"end":{"line":27,"column":3}},"11":{"start":{"line":18,"column":27},"end":{"line":18,"column":56}},"12":{"start":{"line":19,"column":17},"end":{"line":19,"column":98}},"13":{"start":{"line":20,"column":17},"end":{"line":20,"column":60}},"14":{"start":{"line":21,"column":4},"end":{"line":21,"column":74}},"15":{"start":{"line":23,"column":4},"end":{"line":25,"column":5}},"16":{"start":{"line":24,"column":6},"end":{"line":24,"column":69}},"17":{"start":{"line":26,"column":4},"end":{"line":26,"column":61}},"18":{"start":{"line":30,"column":14},"end":{"line":53,"column":1}},"19":{"start":{"line":31,"column":30},"end":{"line":31,"column":38}},"20":{"start":{"line":33,"column":2},"end":{"line":35,"column":3}},"21":{"start":{"line":34,"column":4},"end":{"line":34,"column":78}},"22":{"start":{"line":37,"column":2},"end":{"line":52,"column":3}},"23":{"start":{"line":38,"column":17},"end":{"line":38,"column":77}},"24":{"start":{"line":39,"column":4},"end":{"line":41,"column":5}},"25":{"start":{"line":40,"column":6},"end":{"line":40,"column":68}},"26":{"start":{"line":43,"column":18},"end":{"line":47,"column":5}},"27":{"start":{"line":49,"column":4},"end":{"line":49,"column":100}},"28":{"start":{"line":51,"column":4},"end":{"line":51,"column":61}},"29":{"start":{"line":55,"column":0},"end":{"line":55,"column":37}}},"fnMap":{"0":{"name":"(anonymous_0)","decl":{"start":{"line":6,"column":17},"end":{"line":6,"column":18}},"loc":{"start":{"line":6,"column":31},"end":{"line":28,"column":1}},"line":6},"1":{"name":"(anonymous_1)","decl":{"start":{"line":30,"column":14},"end":{"line":30,"column":15}},"loc":{"start":{"line":30,"column":28},"end":{"line":53,"column":1}},"line":30}},"branchMap":{"0":{"loc":{"start":{"line":9,"column":2},"end":{"line":11,"column":3}},"type":"if","locations":[{"start":{"line":9,"column":2},"end":{"line":11,"column":3}},{"start":{},"end":{}}],"line":9},"1":{"loc":{"start":{"line":9,"column":6},"end":{"line":9,"column":43}},"type":"binary-expr","locations":[{"start":{"line":9,"column":6},"end":{"line":9,"column":11}},{"start":{"line":9,"column":15},"end":{"line":9,"column":21}},{"start":{"line":9,"column":25},"end":{"line":9,"column":34}},{"start":{"line":9,"column":38},"end":{"line":9,"column":43}}],"line":9},"2":{"loc":{"start":{"line":13,"column":2},"end":{"line":15,"column":3}},"type":"if","locations":[{"start":{"line":13,"column":2},"end":{"line":15,"column":3}},{"start":{},"end":{}}],"line":13},"3":{"loc":{"start":{"line":23,"column":4},"end":{"line":25,"column":5}},"type":"if","locations":[{"start":{"line":23,"column":4},"end":{"line":25,"column":5}},{"start":{},"end":{}}],"line":23},"4":{"loc":{"start":{"line":33,"column":2},"end":{"line":35,"column":3}},"type":"if","locations":[{"start":{"line":33,"column":2},"end":{"line":35,"column":3}},{"start":{},"end":{}}],"line":33},"5":{"loc":{"start":{"line":33,"column":6},"end":{"line":33,"column":25}},"type":"binary-expr","locations":[{"start":{"line":33,"column":6},"end":{"line":33,"column":12}},{"start":{"line":33,"column":16},"end":{"line":33,"column":25}}],"line":33},"6":{"loc":{"start":{"line":39,"column":4},"end":{"line":41,"column":5}},"type":"if","locations":[{"start":{"line":39,"column":4},"end":{"line":41,"column":5}},{"start":{},"end":{}}],"line":39},"7":{"loc":{"start":{"line":39,"column":8},"end":{"line":39,"column":61}},"type":"binary-expr","locations":[{"start":{"line":39,"column":8},"end":{"line":39,"column":13}},{"start":{"line":39,"column":17},"end":{"line":39,"column":61}}],"line":39}},"s":{"0":2,"1":2,"2":2,"3":2,"4":2,"5":25,"6":25,"7":1,"8":24,"9":1,"10":23,"11":23,"12":23,"13":23,"14":23,"15":0,"16":0,"17":0,"18":2,"19":23,"20":23,"21":0,"22":23,"23":23,"24":23,"25":0,"26":23,"27":23,"28":0,"29":2},"f":{"0":25,"1":23},"b":{"0":[1,24],"1":[25,25,24,24],"2":[1,23],"3":[0,0],"4":[0,23],"5":[23,23],"6":[0,23],"7":[23,23]},"_coverageSchema":"1a1c01bbd47fc00a2c39e90264f33305004495a9","hash":"2a2f68cab832670fcfbc35b852e67753f30321d0"}
,"C:\\QA_Final_Project\\backend\\controllers\\bookingController.js": {"path":"C:\\QA_Final_Project\\backend\\controllers\\bookingController.js","statementMap":{"0":{"start":{"line":1,"column":11},"end":{"line":1,"column":27}},"1":{"start":{"line":3,"column":22},"end":{"line":50,"column":1}},"2":{"start":{"line":4,"column":50},"end":{"line":4,"column":58}},"3":{"start":{"line":5,"column":19},"end":{"line":5,"column":94}},"4":{"start":{"line":7,"column":2},"end":{"line":7,"column":79}},"5":{"start":{"line":7,"column":16},"end":{"line":7,"column":79}},"6":{"start":{"line":9,"column":2},"end":{"line":49,"column":3}},"7":{"start":{"line":10,"column":21},"end":{"line":10,"column":82}},"8":{"start":{"line":11,"column":4},"end":{"line":11,"column":77}},"9":{"start":{"line":11,"column":19},"end":{"line":11,"column":77}},"10":{"start":{"line":14,"column":4},"end":{"line":16,"column":5}},"11":{"start":{"line":15,"column":6},"end":{"line":15,"column":73}},"12":{"start":{"line":19,"column":28},"end":{"line":19,"column":144}},"13":{"start":{"line":20,"column":4},"end":{"line":20,"column":119}},"14":{"start":{"line":20,"column":25},"end":{"line":20,"column":119}},"15":{"start":{"line":23,"column":24},"end":{"line":35,"column":6}},"16":{"start":{"line":25,"column":29},"end":{"line":25,"column":134}},"17":{"start":{"line":28,"column":6},"end":{"line":30,"column":7}},"18":{"start":{"line":29,"column":8},"end":{"line":29,"column":41}},"19":{"start":{"line":32,"column":19},"end":{"line":32,"column":98}},"20":{"start":{"line":33,"column":19},"end":{"line":33,"column":56}},"21":{"start":{"line":34,"column":6},"end":{"line":34,"column":34}},"22":{"start":{"line":37,"column":4},"end":{"line":45,"column":5}},"23":{"start":{"line":38,"column":24},"end":{"line":38,"column":37}},"24":{"start":{"line":39,"column":6},"end":{"line":39,"column":83}},"25":{"start":{"line":41,"column":6},"end":{"line":43,"column":7}},"26":{"start":{"line":42,"column":8},"end":{"line":42,"column":64}},"27":{"start":{"line":44,"column":6},"end":{"line":44,"column":14}},"28":{"start":{"line":47,"column":4},"end":{"line":47,"column":25}},"29":{"start":{"line":48,"column":4},"end":{"line":48,"column":61}},"30":{"start":{"line":52,"column":22},"end":{"line":75,"column":1}},"31":{"start":{"line":53,"column":17},"end":{"line":53,"column":27}},"32":{"start":{"line":55,"column":2},"end":{"line":74,"column":3}},"33":{"start":{"line":56,"column":20},"end":{"line":56,"column":77}},"34":{"start":{"line":57,"column":4},"end":{"line":57,"column":78}},"35":{"start":{"line":57,"column":18},"end":{"line":57,"column":78}},"36":{"start":{"line":60,"column":4},"end":{"line":62,"column":5}},"37":{"start":{"line":61,"column":6},"end":{"line":61,"column":84}},"38":{"start":{"line":65,"column":21},"end":{"line":65,"column":90}},"39":{"start":{"line":66,"column":4},"end":{"line":68,"column":5}},"40":{"start":{"line":67,"column":8},"end":{"line":67,"column":90}},"41":{"start":{"line":70,"column":4},"end":{"line":70,"column":60}},"42":{"start":{"line":71,"column":4},"end":{"line":71,"column":58}},"43":{"start":{"line":73,"column":4},"end":{"line":73,"column":61}},"44":{"start":{"line":77,"column":23},"end":{"line":90,"column":1}},"45":{"start":{"line":78,"column":17},"end":{"line":78,"column":27}},"46":{"start":{"line":80,"column":2},"end":{"line":89,"column":3}},"47":{"start":{"line":81,"column":20},"end":{"line":81,"column":77}},"48":{"start":{"line":82,"column":4},"end":{"line":82,"column":78}},"49":{"start":{"line":82,"column":18},"end":{"line":82,"column":78}},"50":{"start":{"line":83,"column":4},"end":{"line":83,"column":126}},"51":{"start":{"line":83,"column":37},"end":{"line":83,"column":126}},"52":{"start":{"line":85,"column":4},"end":{"line":85,"column":79}},"53":{"start":{"line":86,"column":4},"end":{"line":86,"column":60}},"54":{"start":{"line":88,"column":4},"end":{"line":88,"column":61}},"55":{"start":{"line":92,"column":20},"end":{"line":111,"column":1}},"56":{"start":{"line":93,"column":22},"end":{"line":93,"column":31}},"57":{"start":{"line":95,"column":2},"end":{"line":110,"column":3}},"58":{"start":{"line":97,"column":4},"end":{"line":106,"column":5}},"59":{"start":{"line":98,"column":6},"end":{"line":102,"column":7}},"60":{"start":{"line":99,"column":8},"end":{"line":99,"column":149}},"61":{"start":{"line":101,"column":8},"end":{"line":101,"column":180}},"62":{"start":{"line":105,"column":6},"end":{"line":105,"column":166}},"63":{"start":{"line":107,"column":4},"end":{"line":107,"column":23}},"64":{"start":{"line":109,"column":4},"end":{"line":109,"column":61}},"65":{"start":{"line":113,"column":0},"end":{"line":113,"column":79}}},"fnMap":{"0":{"name":"(anonymous_0)","decl":{"start":{"line":3,"column":22},"end":{"line":3,"column":23}},"loc":{"start":{"line":3,"column":36},"end":{"line":50,"column":1}},"line":3},"1":{"name":"(anonymous_1)","decl":{"start":{"line":23,"column":39},"end":{"line":23,"column":40}},"loc":{"start":{"line":23,"column":45},"end":{"line":35,"column":5}},"line":23},"2":{"name":"(anonymous_2)","decl":{"start":{"line":52,"column":22},"end":{"line":52,"column":23}},"loc":{"start":{"line":52,"column":36},"end":{"line":75,"column":1}},"line":52},"3":{"name":"(anonymous_3)","decl":{"start":{"line":77,"column":23},"end":{"line":77,"column":24}},"loc":{"start":{"line":77,"column":37},"end":{"line":90,"column":1}},"line":77},"4":{"name":"(anonymous_4)","decl":{"start":{"line":92,"column":20},"end":{"line":92,"column":21}},"loc":{"start":{"line":92,"column":34},"end":{"line":111,"column":1}},"line":92}},"branchMap":{"0":{"loc":{"start":{"line":5,"column":19},"end":{"line":5,"column":94}},"type":"cond-expr","locations":[{"start":{"line":5,"column":48},"end":{"line":5,"column":79}},{"start":{"line":5,"column":83},"end":{"line":5,"column":94}}],"line":5},"1":{"loc":{"start":{"line":5,"column":48},"end":{"line":5,"column":79}},"type":"binary-expr","locations":[{"start":{"line":5,"column":48},"end":{"line":5,"column":64}},{"start":{"line":5,"column":68},"end":{"line":5,"column":79}}],"line":5},"2":{"loc":{"start":{"line":7,"column":2},"end":{"line":7,"column":79}},"type":"if","locations":[{"start":{"line":7,"column":2},"end":{"line":7,"column":79}},{"start":{},"end":{}}],"line":7},"3":{"loc":{"start":{"line":11,"column":4},"end":{"line":11,"column":77}},"type":"if","locations":[{"start":{"line":11,"column":4},"end":{"line":11,"column":77}},{"start":{},"end":{}}],"line":11},"4":{"loc":{"start":{"line":14,"column":4},"end":{"line":16,"column":5}},"type":"if","locations":[{"start":{"line":14,"column":4},"end":{"line":16,"column":5}},{"start":{},"end":{}}],"line":14},"5":{"loc":{"start":{"line":14,"column":8},"end":{"line":14,"column":78}},"type":"binary-expr","locations":[{"start":{"line":14,"column":8},"end":{"line":14,"column":34}},{"start":{"line":14,"column":38},"end":{"line":14,"column":78}}],"line":14},"6":{"loc":{"start":{"line":20,"column":4},"end":{"line":20,"column":119}},"type":"if","locations":[{"start":{"line":20,"column":4},"end":{"line":20,"column":119}},{"start":{},"end":{}}],"line":20},"7":{"loc":{"start":{"line":28,"column":6},"end":{"line":30,"column":7}},"type":"if","locations":[{"start":{"line":28,"column":6},"end":{"line":30,"column":7}},{"start":{},"end":{}}],"line":28},"8":{"loc":{"start":{"line":28,"column":10},"end":{"line":28,"column":81}},"type":"binary-expr","locations":[{"start":{"line":28,"column":10},"end":{"line":28,"column":36}},{"start":{"line":28,"column":40},"end":{"line":28,"column":81}}],"line":28},"9":{"loc":{"start":{"line":41,"column":6},"end":{"line":43,"column":7}},"type":"if","locations":[{"start":{"line":41,"column":6},"end":{"line":43,"column":7}},{"start":{},"end":{}}],"line":41},"10":{"loc":{"start":{"line":57,"column":4},"end":{"line":57,"column":78}},"type":"if","locations":[{"start":{"line":57,"column":4},"end":{"line":57,"column":78}},{"start":{},"end":{}}],"line":57},"11":{"loc":{"start":{"line":60,"column":4},"end":{"line":62,"column":5}},"type":"if","locations":[{"start":{"line":60,"column":4},"end":{"line":62,"column":5}},{"start":{},"end":{}}],"line":60},"12":{"loc":{"start":{"line":60,"column":8},"end":{"line":60,"column":70}},"type":"binary-expr","locations":[{"start":{"line":60,"column":8},"end":{"line":60,"column":34}},{"start":{"line":60,"column":38},"end":{"line":60,"column":70}}],"line":60},"13":{"loc":{"start":{"line":66,"column":4},"end":{"line":68,"column":5}},"type":"if","locations":[{"start":{"line":66,"column":4},"end":{"line":68,"column":5}},{"start":{},"end":{}}],"line":66},"14":{"loc":{"start":{"line":66,"column":8},"end":{"line":66,"column":78}},"type":"binary-expr","locations":[{"start":{"line":66,"column":8},"end":{"line":66,"column":34}},{"start":{"line":66,"column":38},"end":{"line":66,"column":78}}],"line":66},"15":{"loc":{"start":{"line":82,"column":4},"end":{"line":82,"column":78}},"type":"if","locations":[{"start":{"line":82,"column":4},"end":{"line":82,"column":78}},{"start":{},"end":{}}],"line":82},"16":{"loc":{"start":{"line":83,"column":4},"end":{"line":83,"column":126}},"type":"if","locations":[{"start":{"line":83,"column":4},"end":{"line":83,"column":126}},{"start":{},"end":{}}],"line":83},"17":{"loc":{"start":{"line":97,"column":4},"end":{"line":106,"column":5}},"type":"if","locations":[{"start":{"line":97,"column":4},"end":{"line":106,"column":5}},{"start":{"line":103,"column":11},"end":{"line":106,"column":5}}],"line":97},"18":{"loc":{"start":{"line":98,"column":6},"end":{"line":102,"column":7}},"type":"if","locations":[{"start":{"line":98,"column":6},"end":{"line":102,"column":7}},{"start":{"line":100,"column":13},"end":{"line":102,"column":7}}],"line":98}},"s":{"0":1,"1":1,"2":12,"3":12,"4":12,"5":0,"6":12,"7":12,"8":12,"9":0,"10":12,"11":1,"12":11,"13":11,"14":1,"15":10,"16":10,"17":10,"18":1,"19":9,"20":9,"21":9,"22":10,"23":10,"24":9,"25":1,"26":1,"27":0,"28":0,"29":0,"30":1,"31":3,"32":3,"33":3,"34":3,"35":0,"36":3,"37":1,"38":2,"39":2,"40":0,"41":2,"42":2,"43":0,"44":1,"45":1,"46":1,"47":1,"48":1,"49":0,"50":1,"51":0,"52":1,"53":1,"54":0,"55":1,"56":1,"57":1,"58":1,"59":0,"60":0,"61":0,"62":1,"63":1,"64":0,"65":1},"f":{"0":12,"1":10,"2":3,"3":1,"4":1},"b":{"0":[1,11],"1":[1,0],"2":[0,12],"3":[0,12],"4":[1,11],"5":[12,11],"6":[1,10],"7":[1,9],"8":[10,9],"9":[1,0],"10":[0,3],"11":[1,2],"12":[3,2],"13":[0,2],"14":[2,1],"15":[0,1],"16":[0,1],"17":[0,1],"18":[0,0]},"_coverageSchema":"1a1c01bbd47fc00a2c39e90264f33305004495a9","hash":"23236b43d8a6fca632a9e0640dc6eea74811573b"}
,"C:\\QA_Final_Project\\backend\\controllers\\classController.js": {"path":"C:\\QA_Final_Project\\backend\\controllers\\classController.js","statementMap":{"0":{"start":{"line":1,"column":11},"end":{"line":1,"column":27}},"1":{"start":{"line":3,"column":22},"end":{"line":14,"column":1}},"2":{"start":{"line":4,"column":2},"end":{"line":13,"column":3}},"3":{"start":{"line":5,"column":20},"end":{"line":9,"column":12}},"4":{"start":{"line":10,"column":4},"end":{"line":10,"column":22}},"5":{"start":{"line":12,"column":4},"end":{"line":12,"column":61}},"6":{"start":{"line":16,"column":21},"end":{"line":25,"column":1}},"7":{"start":{"line":17,"column":2},"end":{"line":24,"column":3}},"8":{"start":{"line":18,"column":19},"end":{"line":18,"column":29}},"9":{"start":{"line":19,"column":21},"end":{"line":19,"column":77}},"10":{"start":{"line":20,"column":4},"end":{"line":20,"column":77}},"11":{"start":{"line":20,"column":19},"end":{"line":20,"column":77}},"12":{"start":{"line":21,"column":4},"end":{"line":21,"column":23}},"13":{"start":{"line":23,"column":4},"end":{"line":23,"column":61}},"14":{"start":{"line":27,"column":20},"end":{"line":44,"column":1}},"15":{"start":{"line":28,"column":69},"end":{"line":28,"column":77}},"16":{"start":{"line":30,"column":2},"end":{"line":32,"column":3}},"17":{"start":{"line":31,"column":4},"end":{"line":31,"column":70}},"18":{"start":{"line":34,"column":2},"end":{"line":34,"column":88}},"19":{"start":{"line":34,"column":20},"end":{"line":34,"column":88}},"20":{"start":{"line":35,"column":2},"end":{"line":35,"column":108}},"21":{"start":{"line":35,"column":39},"end":{"line":35,"column":108}},"22":{"start":{"line":37,"column":2},"end":{"line":43,"column":3}},"23":{"start":{"line":38,"column":17},"end":{"line":38,"column":130}},"24":{"start":{"line":39,"column":17},"end":{"line":39,"column":81}},"25":{"start":{"line":40,"column":4},"end":{"line":40,"column":111}},"26":{"start":{"line":42,"column":4},"end":{"line":42,"column":61}},"27":{"start":{"line":46,"column":20},"end":{"line":71,"column":1}},"28":{"start":{"line":47,"column":17},"end":{"line":47,"column":27}},"29":{"start":{"line":48,"column":69},"end":{"line":48,"column":77}},"30":{"start":{"line":50,"column":2},"end":{"line":70,"column":3}},"31":{"start":{"line":51,"column":21},"end":{"line":51,"column":77}},"32":{"start":{"line":52,"column":4},"end":{"line":52,"column":77}},"33":{"start":{"line":52,"column":19},"end":{"line":52,"column":77}},"34":{"start":{"line":54,"column":17},"end":{"line":58,"column":6}},"35":{"start":{"line":59,"column":4},"end":{"line":66,"column":6}},"36":{"start":{"line":67,"column":4},"end":{"line":67,"column":56}},"37":{"start":{"line":69,"column":4},"end":{"line":69,"column":61}},"38":{"start":{"line":73,"column":20},"end":{"line":97,"column":1}},"39":{"start":{"line":74,"column":17},"end":{"line":74,"column":27}},"40":{"start":{"line":75,"column":20},"end":{"line":75,"column":29}},"41":{"start":{"line":77,"column":2},"end":{"line":96,"column":3}},"42":{"start":{"line":78,"column":21},"end":{"line":78,"column":121}},"43":{"start":{"line":80,"column":4},"end":{"line":82,"column":5}},"44":{"start":{"line":81,"column":6},"end":{"line":81,"column":103}},"45":{"start":{"line":86,"column":4},"end":{"line":88,"column":5}},"46":{"start":{"line":87,"column":6},"end":{"line":87,"column":67}},"47":{"start":{"line":90,"column":17},"end":{"line":90,"column":71}},"48":{"start":{"line":91,"column":4},"end":{"line":91,"column":86}},"49":{"start":{"line":91,"column":28},"end":{"line":91,"column":86}},"50":{"start":{"line":93,"column":4},"end":{"line":93,"column":56}},"51":{"start":{"line":95,"column":4},"end":{"line":95,"column":61}},"52":{"start":{"line":99,"column":0},"end":{"line":99,"column":88}}},"fnMap":{"0":{"name":"(anonymous_0)","decl":{"start":{"line":3,"column":22},"end":{"line":3,"column":23}},"loc":{"start":{"line":3,"column":36},"end":{"line":14,"column":1}},"line":3},"1":{"name":"(anonymous_1)","decl":{"start":{"line":16,"column":21},"end":{"line":16,"column":22}},"loc":{"start":{"line":16,"column":35},"end":{"line":25,"column":1}},"line":16},"2":{"name":"(anonymous_2)","decl":{"start":{"line":27,"column":20},"end":{"line":27,"column":21}},"loc":{"start":{"line":27,"column":34},"end":{"line":44,"column":1}},"line":27},"3":{"name":"(anonymous_3)","decl":{"start":{"line":46,"column":20},"end":{"line":46,"column":21}},"loc":{"start":{"line":46,"column":34},"end":{"line":71,"column":1}},"line":46},"4":{"name":"(anonymous_4)","decl":{"start":{"line":73,"column":20},"end":{"line":73,"column":21}},"loc":{"start":{"line":73,"column":34},"end":{"line":97,"column":1}},"line":73}},"branchMap":{"0":{"loc":{"start":{"line":20,"column":4},"end":{"line":20,"column":77}},"type":"if","locations":[{"start":{"line":20,"column":4},"end":{"line":20,"column":77}},{"start":{},"end":{}}],"line":20},"1":{"loc":{"start":{"line":30,"column":2},"end":{"line":32,"column":3}},"type":"if","locations":[{"start":{"line":30,"column":2},"end":{"line":32,"column":3}},{"start":{},"end":{}}],"line":30},"2":{"loc":{"start":{"line":30,"column":6},"end":{"line":30,"column":70}},"type":"binary-expr","locations":[{"start":{"line":30,"column":6},"end":{"line":30,"column":12}},{"start":{"line":30,"column":16},"end":{"line":30,"column":31}},{"start":{"line":30,"column":35},"end":{"line":30,"column":44}},{"start":{"line":30,"column":48},"end":{"line":30,"column":70}}],"line":30},"3":{"loc":{"start":{"line":34,"column":2},"end":{"line":34,"column":88}},"type":"if","locations":[{"start":{"line":34,"column":2},"end":{"line":34,"column":88}},{"start":{},"end":{}}],"line":34},"4":{"loc":{"start":{"line":35,"column":2},"end":{"line":35,"column":108}},"type":"if","locations":[{"start":{"line":35,"column":2},"end":{"line":35,"column":108}},{"start":{},"end":{}}],"line":35},"5":{"loc":{"start":{"line":52,"column":4},"end":{"line":52,"column":77}},"type":"if","locations":[{"start":{"line":52,"column":4},"end":{"line":52,"column":77}},{"start":{},"end":{}}],"line":52},"6":{"loc":{"start":{"line":60,"column":6},"end":{"line":60,"column":29}},"type":"binary-expr","locations":[{"start":{"line":60,"column":6},"end":{"line":60,"column":11}},{"start":{"line":60,"column":15},"end":{"line":60,"column":29}}],"line":60},"7":{"loc":{"start":{"line":61,"column":6},"end":{"line":61,"column":68}},"type":"cond-expr","locations":[{"start":{"line":61,"column":34},"end":{"line":61,"column":45}},{"start":{"line":61,"column":48},"end":{"line":61,"column":68}}],"line":61},"8":{"loc":{"start":{"line":62,"column":6},"end":{"line":62,"column":47}},"type":"binary-expr","locations":[{"start":{"line":62,"column":6},"end":{"line":62,"column":20}},{"start":{"line":62,"column":24},"end":{"line":62,"column":47}}],"line":62},"9":{"loc":{"start":{"line":63,"column":6},"end":{"line":63,"column":35}},"type":"binary-expr","locations":[{"start":{"line":63,"column":6},"end":{"line":63,"column":14}},{"start":{"line":63,"column":18},"end":{"line":63,"column":35}}],"line":63},"10":{"loc":{"start":{"line":64,"column":6},"end":{"line":64,"column":59}},"type":"cond-expr","locations":[{"start":{"line":64,"column":31},"end":{"line":64,"column":39}},{"start":{"line":64,"column":42},"end":{"line":64,"column":59}}],"line":64},"11":{"loc":{"start":{"line":80,"column":4},"end":{"line":82,"column":5}},"type":"if","locations":[{"start":{"line":80,"column":4},"end":{"line":82,"column":5}},{"start":{},"end":{}}],"line":80},"12":{"loc":{"start":{"line":80,"column":8},"end":{"line":80,"column":46}},"type":"binary-expr","locations":[{"start":{"line":80,"column":8},"end":{"line":80,"column":26}},{"start":{"line":80,"column":30},"end":{"line":80,"column":46}}],"line":80},"13":{"loc":{"start":{"line":86,"column":4},"end":{"line":88,"column":5}},"type":"if","locations":[{"start":{"line":86,"column":4},"end":{"line":88,"column":5}},{"start":{},"end":{}}],"line":86},"14":{"loc":{"start":{"line":91,"column":4},"end":{"line":91,"column":86}},"type":"if","locations":[{"start":{"line":91,"column":4},"end":{"line":91,"column":86}},{"start":{},"end":{}}],"line":91}},"s":{"0":2,"1":2,"2":0,"3":0,"4":0,"5":0,"6":2,"7":0,"8":0,"9":0,"10":0,"11":0,"12":0,"13":0,"14":2,"15":13,"16":13,"17":1,"18":12,"19":1,"20":11,"21":1,"22":10,"23":10,"24":10,"25":10,"26":0,"27":2,"28":0,"29":0,"30":0,"31":0,"32":0,"33":0,"34":0,"35":0,"36":0,"37":0,"38":2,"39":2,"40":2,"41":2,"42":2,"43":2,"44":1,"45":1,"46":1,"47":1,"48":1,"49":0,"50":1,"51":0,"52":2},"f":{"0":0,"1":0,"2":13,"3":0,"4":2},"b":{"0":[0,0],"1":[1,12],"2":[13,13,12,12],"3":[1,11],"4":[1,10],"5":[0,0],"6":[0,0],"7":[0,0],"8":[0,0],"9":[0,0],"10":[0,0],"11":[1,1],"12":[2,2],"13":[1,0],"14":[0,1]},"_coverageSchema":"1a1c01bbd47fc00a2c39e90264f33305004495a9","hash":"06d792621f625604eb1136e70707b235b87f3d70"}
,"C:\\QA_Final_Project\\backend\\db\\index.js": {"path":"C:\\QA_Final_Project\\backend\\db\\index.js","statementMap":{"0":{"start":{"line":1,"column":17},"end":{"line":1,"column":42}},"1":{"start":{"line":2,"column":13},"end":{"line":2,"column":28}},"2":{"start":{"line":4,"column":15},"end":{"line":4,"column":73}},"3":{"start":{"line":5,"column":15},"end":{"line":5,"column":43}},"4":{"start":{"line":6,"column":11},"end":{"line":6,"column":31}},"5":{"start":{"line":8,"column":0},"end":{"line":8,"column":20}}},"fnMap":{},"branchMap":{"0":{"loc":{"start":{"line":4,"column":15},"end":{"line":4,"column":73}},"type":"cond-expr","locations":[{"start":{"line":4,"column":49},"end":{"line":4,"column":62}},{"start":{"line":4,"column":65},"end":{"line":4,"column":73}}],"line":4}},"s":{"0":1,"1":1,"2":1,"3":1,"4":1,"5":1},"f":{},"b":{"0":[1,0]},"_coverageSchema":"1a1c01bbd47fc00a2c39e90264f33305004495a9","hash":"5a4d133a6768c415e2dcc3ba5ea6a913f254e248"}
,"C:\\QA_Final_Project\\backend\\middleware\\authMiddleware.js": {"path":"C:\\QA_Final_Project\\backend\\middleware\\authMiddleware.js","statementMap":{"0":{"start":{"line":1,"column":12},"end":{"line":1,"column":35}},"1":{"start":{"line":2,"column":0},"end":{"line":2,"column":27}},"2":{"start":{"line":4,"column":26},"end":{"line":15,"column":1}},"3":{"start":{"line":5,"column":21},"end":{"line":5,"column":49}},"4":{"start":{"line":6,"column":16},"end":{"line":6,"column":54}},"5":{"start":{"line":8,"column":2},"end":{"line":8,"column":70}},"6":{"start":{"line":8,"column":14},"end":{"line":8,"column":70}},"7":{"start":{"line":10,"column":2},"end":{"line":14,"column":5}},"8":{"start":{"line":11,"column":4},"end":{"line":11,"column":69}},"9":{"start":{"line":11,"column":13},"end":{"line":11,"column":69}},"10":{"start":{"line":12,"column":4},"end":{"line":12,"column":20}},"11":{"start":{"line":13,"column":4},"end":{"line":13,"column":11}},"12":{"start":{"line":17,"column":16},"end":{"line":22,"column":1}},"13":{"start":{"line":18,"column":2},"end":{"line":20,"column":3}},"14":{"start":{"line":19,"column":4},"end":{"line":19,"column":68}},"15":{"start":{"line":21,"column":2},"end":{"line":21,"column":9}},"16":{"start":{"line":24,"column":17},"end":{"line":29,"column":1}},"17":{"start":{"line":25,"column":2},"end":{"line":27,"column":3}},"18":{"start":{"line":26,"column":4},"end":{"line":26,"column":69}},"19":{"start":{"line":28,"column":2},"end":{"line":28,"column":9}},"20":{"start":{"line":31,"column":0},"end":{"line":31,"column":58}}},"fnMap":{"0":{"name":"(anonymous_0)","decl":{"start":{"line":4,"column":26},"end":{"line":4,"column":27}},"loc":{"start":{"line":4,"column":46},"end":{"line":15,"column":1}},"line":4},"1":{"name":"(anonymous_1)","decl":{"start":{"line":10,"column":44},"end":{"line":10,"column":45}},"loc":{"start":{"line":10,"column":59},"end":{"line":14,"column":3}},"line":10},"2":{"name":"(anonymous_2)","decl":{"start":{"line":17,"column":16},"end":{"line":17,"column":17}},"loc":{"start":{"line":17,"column":36},"end":{"line":22,"column":1}},"line":17},"3":{"name":"(anonymous_3)","decl":{"start":{"line":24,"column":17},"end":{"line":24,"column":18}},"loc":{"start":{"line":24,"column":37},"end":{"line":29,"column":1}},"line":24}},"branchMap":{"0":{"loc":{"start":{"line":6,"column":16},"end":{"line":6,"column":54}},"type":"binary-expr","locations":[{"start":{"line":6,"column":16},"end":{"line":6,"column":26}},{"start":{"line":6,"column":30},"end":{"line":6,"column":54}}],"line":6},"1":{"loc":{"start":{"line":8,"column":2},"end":{"line":8,"column":70}},"type":"if","locations":[{"start":{"line":8,"column":2},"end":{"line":8,"column":70}},{"start":{},"end":{}}],"line":8},"2":{"loc":{"start":{"line":11,"column":4},"end":{"line":11,"column":69}},"type":"if","locations":[{"start":{"line":11,"column":4},"end":{"line":11,"column":69}},{"start":{},"end":{}}],"line":11},"3":{"loc":{"start":{"line":18,"column":2},"end":{"line":20,"column":3}},"type":"if","locations":[{"start":{"line":18,"column":2},"end":{"line":20,"column":3}},{"start":{},"end":{}}],"line":18},"4":{"loc":{"start":{"line":25,"column":2},"end":{"line":27,"column":3}},"type":"if","locations":[{"start":{"line":25,"column":2},"end":{"line":27,"column":3}},{"start":{},"end":{}}],"line":25}},"s":{"0":2,"1":2,"2":2,"3":34,"4":34,"5":34,"6":1,"7":33,"8":33,"9":1,"10":32,"11":32,"12":2,"13":17,"14":3,"15":14,"16":2,"17":2,"18":1,"19":1,"20":2},"f":{"0":34,"1":33,"2":17,"3":2},"b":{"0":[34,33],"1":[1,33],"2":[1,32],"3":[3,14],"4":[1,1]},"_coverageSchema":"1a1c01bbd47fc00a2c39e90264f33305004495a9","hash":"fbfaef43a8f5660320abf213c78bdcb79aa25954"}
,"C:\\QA_Final_Project\\backend\\routes\\authRoutes.js": {"path":"C:\\QA_Final_Project\\backend\\routes\\authRoutes.js","statementMap":{"0":{"start":{"line":1,"column":16},"end":{"line":1,"column":34}},"1":{"start":{"line":2,"column":15},"end":{"line":2,"column":31}},"2":{"start":{"line":3,"column":28},"end":{"line":3,"column":68}},"3":{"start":{"line":5,"column":0},"end":{"line":5,"column":35}},"4":{"start":{"line":6,"column":0},"end":{"line":6,"column":29}},"5":{"start":{"line":8,"column":0},"end":{"line":8,"column":24}}},"fnMap":{},"branchMap":{},"s":{"0":1,"1":1,"2":1,"3":1,"4":1,"5":1},"f":{},"b":{},"_coverageSchema":"1a1c01bbd47fc00a2c39e90264f33305004495a9","hash":"eea8c3862d7367b8969858842496b8b6e297c190"}
,"C:\\QA_Final_Project\\backend\\routes\\bookingRoutes.js": {"path":"C:\\QA_Final_Project\\backend\\routes\\bookingRoutes.js","statementMap":{"0":{"start":{"line":1,"column":16},"end":{"line":1,"column":34}},"1":{"start":{"line":2,"column":15},"end":{"line":2,"column":31}},"2":{"start":{"line":3,"column":70},"end":{"line":3,"column":113}},"3":{"start":{"line":4,"column":39},"end":{"line":4,"column":78}},"4":{"start":{"line":6,"column":0},"end":{"line":6,"column":48}},"5":{"start":{"line":7,"column":0},"end":{"line":7,"column":51}},"6":{"start":{"line":8,"column":0},"end":{"line":8,"column":56}},"7":{"start":{"line":9,"column":0},"end":{"line":9,"column":72}},"8":{"start":{"line":11,"column":0},"end":{"line":11,"column":24}}},"fnMap":{},"branchMap":{},"s":{"0":1,"1":1,"2":1,"3":1,"4":1,"5":1,"6":1,"7":1,"8":1},"f":{},"b":{},"_coverageSchema":"1a1c01bbd47fc00a2c39e90264f33305004495a9","hash":"adcb343737197a9f8f34af6895edbe73721486a4"}
,"C:\\QA_Final_Project\\backend\\routes\\classRoutes.js": {"path":"C:\\QA_Final_Project\\backend\\routes\\classRoutes.js","statementMap":{"0":{"start":{"line":1,"column":16},"end":{"line":1,"column":34}},"1":{"start":{"line":2,"column":15},"end":{"line":2,"column":31}},"2":{"start":{"line":3,"column":79},"end":{"line":3,"column":120}},"3":{"start":{"line":4,"column":39},"end":{"line":4,"column":78}},"4":{"start":{"line":6,"column":0},"end":{"line":6,"column":50}},"5":{"start":{"line":7,"column":0},"end":{"line":7,"column":52}},"6":{"start":{"line":8,"column":0},"end":{"line":8,"column":58}},"7":{"start":{"line":9,"column":0},"end":{"line":9,"column":60}},"8":{"start":{"line":10,"column":0},"end":{"line":10,"column":63}},"9":{"start":{"line":12,"column":0},"end":{"line":12,"column":24}}},"fnMap":{},"branchMap":{},"s":{"0":1,"1":1,"2":1,"3":1,"4":1,"5":1,"6":1,"7":1,"8":1,"9":1},"f":{},"b":{},"_coverageSchema":"1a1c01bbd47fc00a2c39e90264f33305004495a9","hash":"61bbb729764a7b041cdf5b65323279b8f30c4395"}
,"C:\\QA_Final_Project\\backend\\tests\\setup.js": {"path":"C:\\QA_Final_Project\\backend\\tests\\setup.js","statementMap":{"0":{"start":{"line":1,"column":11},"end":{"line":1,"column":27}},"1":{"start":{"line":3,"column":19},"end":{"line":31,"column":1}},"2":{"start":{"line":4,"column":2},"end":{"line":30,"column":5}},"3":{"start":{"line":33,"column":14},"end":{"line":40,"column":1}},"4":{"start":{"line":34,"column":2},"end":{"line":34,"column":15}},"5":{"start":{"line":35,"column":2},"end":{"line":39,"column":5}},"6":{"start":{"line":42,"column":0},"end":{"line":42,"column":23}}},"fnMap":{"0":{"name":"(anonymous_0)","decl":{"start":{"line":3,"column":19},"end":{"line":3,"column":20}},"loc":{"start":{"line":3,"column":25},"end":{"line":31,"column":1}},"line":3},"1":{"name":"(anonymous_1)","decl":{"start":{"line":33,"column":14},"end":{"line":33,"column":15}},"loc":{"start":{"line":33,"column":20},"end":{"line":40,"column":1}},"line":33}},"branchMap":{},"s":{"0":1,"1":1,"2":10,"3":1,"4":10,"5":10,"6":1},"f":{"0":10,"1":10},"b":{},"_coverageSchema":"1a1c01bbd47fc00a2c39e90264f33305004495a9","hash":"93139a89ec709e88541c2a8fb275f148aaeb808d"}
}
