TN:
SF:index.js
FN:19,(anonymous_0)
FN:24,(anonymous_1)
FNF:2
FNH:0
FNDA:0,(anonymous_0)
FNDA:0,(anonymous_1)
DA:1,1
DA:2,1
DA:3,1
DA:5,1
DA:6,1
DA:7,1
DA:9,1
DA:10,1
DA:12,1
DA:13,1
DA:15,1
DA:16,1
DA:17,1
DA:19,1
DA:20,0
DA:23,1
DA:24,0
DA:25,0
DA:29,1
LF:19
LH:16
BRDA:10,0,0,1
BRDA:10,0,1,0
BRDA:23,1,0,0
BRDA:23,1,1,1
BRF:4
BRH:2
end_of_record
TN:
SF:controllers\authController.js
FN:6,(anonymous_0)
FN:30,(anonymous_1)
FNF:2
FNH:2
FNDA:25,(anonymous_0)
FNDA:23,(anonymous_1)
DA:1,2
DA:2,2
DA:3,2
DA:4,2
DA:6,2
DA:7,25
DA:9,25
DA:10,1
DA:13,24
DA:14,1
DA:17,23
DA:18,23
DA:19,23
DA:20,23
DA:21,23
DA:23,0
DA:24,0
DA:26,0
DA:30,2
DA:31,23
DA:33,23
DA:34,0
DA:37,23
DA:38,23
DA:39,23
DA:40,0
DA:43,23
DA:49,23
DA:51,0
DA:55,2
LF:30
LH:24
BRDA:9,0,0,1
BRDA:9,0,1,24
BRDA:9,1,0,25
BRDA:9,1,1,25
BRDA:9,1,2,24
BRDA:9,1,3,24
BRDA:13,2,0,1
BRDA:13,2,1,23
BRDA:23,3,0,0
BRDA:23,3,1,0
BRDA:33,4,0,0
BRDA:33,4,1,23
BRDA:33,5,0,23
BRDA:33,5,1,23
BRDA:39,6,0,0
BRDA:39,6,1,23
BRDA:39,7,0,23
BRDA:39,7,1,23
BRF:18
BRH:14
end_of_record
TN:
SF:controllers\bookingController.js
FN:3,(anonymous_0)
FN:23,(anonymous_1)
FN:52,(anonymous_2)
FN:77,(anonymous_3)
FN:92,(anonymous_4)
FNF:5
FNH:5
FNDA:12,(anonymous_0)
FNDA:10,(anonymous_1)
FNDA:3,(anonymous_2)
FNDA:1,(anonymous_3)
FNDA:1,(anonymous_4)
DA:1,1
DA:3,1
DA:4,12
DA:5,12
DA:7,12
DA:9,12
DA:10,12
DA:11,12
DA:14,12
DA:15,1
DA:19,11
DA:20,11
DA:23,10
DA:25,10
DA:28,10
DA:29,1
DA:32,9
DA:33,9
DA:34,9
DA:37,10
DA:38,10
DA:39,9
DA:41,1
DA:42,1
DA:44,0
DA:47,0
DA:48,0
DA:52,1
DA:53,3
DA:55,3
DA:56,3
DA:57,3
DA:60,3
DA:61,1
DA:65,2
DA:66,2
DA:67,0
DA:70,2
DA:71,2
DA:73,0
DA:77,1
DA:78,1
DA:80,1
DA:81,1
DA:82,1
DA:83,1
DA:85,1
DA:86,1
DA:88,0
DA:92,1
DA:93,1
DA:95,1
DA:97,1
DA:98,0
DA:99,0
DA:101,0
DA:105,1
DA:107,1
DA:109,0
DA:113,1
LF:60
LH:50
BRDA:5,0,0,1
BRDA:5,0,1,11
BRDA:5,1,0,1
BRDA:5,1,1,0
BRDA:7,2,0,0
BRDA:7,2,1,12
BRDA:11,3,0,0
BRDA:11,3,1,12
BRDA:14,4,0,1
BRDA:14,4,1,11
BRDA:14,5,0,12
BRDA:14,5,1,11
BRDA:20,6,0,1
BRDA:20,6,1,10
BRDA:28,7,0,1
BRDA:28,7,1,9
BRDA:28,8,0,10
BRDA:28,8,1,9
BRDA:41,9,0,1
BRDA:41,9,1,0
BRDA:57,10,0,0
BRDA:57,10,1,3
BRDA:60,11,0,1
BRDA:60,11,1,2
BRDA:60,12,0,3
BRDA:60,12,1,2
BRDA:66,13,0,0
BRDA:66,13,1,2
BRDA:66,14,0,2
BRDA:66,14,1,1
BRDA:82,15,0,0
BRDA:82,15,1,1
BRDA:83,16,0,0
BRDA:83,16,1,1
BRDA:97,17,0,0
BRDA:97,17,1,1
BRDA:98,18,0,0
BRDA:98,18,1,0
BRF:38
BRH:27
end_of_record
TN:
SF:controllers\classController.js
FN:3,(anonymous_0)
FN:16,(anonymous_1)
FN:27,(anonymous_2)
FN:46,(anonymous_3)
FN:73,(anonymous_4)
FNF:5
FNH:2
FNDA:0,(anonymous_0)
FNDA:0,(anonymous_1)
FNDA:13,(anonymous_2)
FNDA:0,(anonymous_3)
FNDA:2,(anonymous_4)
DA:1,2
DA:3,2
DA:4,0
DA:5,0
DA:10,0
DA:12,0
DA:16,2
DA:17,0
DA:18,0
DA:19,0
DA:20,0
DA:21,0
DA:23,0
DA:27,2
DA:28,13
DA:30,13
DA:31,1
DA:34,12
DA:35,11
DA:37,10
DA:38,10
DA:39,10
DA:40,10
DA:42,0
DA:46,2
DA:47,0
DA:48,0
DA:50,0
DA:51,0
DA:52,0
DA:54,0
DA:59,0
DA:67,0
DA:69,0
DA:73,2
DA:74,2
DA:75,2
DA:77,2
DA:78,2
DA:80,2
DA:81,1
DA:86,1
DA:87,1
DA:90,1
DA:91,1
DA:93,1
DA:95,0
DA:99,2
LF:48
LH:27
BRDA:20,0,0,0
BRDA:20,0,1,0
BRDA:30,1,0,1
BRDA:30,1,1,12
BRDA:30,2,0,13
BRDA:30,2,1,13
BRDA:30,2,2,12
BRDA:30,2,3,12
BRDA:34,3,0,1
BRDA:34,3,1,11
BRDA:35,4,0,1
BRDA:35,4,1,10
BRDA:52,5,0,0
BRDA:52,5,1,0
BRDA:60,6,0,0
BRDA:60,6,1,0
BRDA:61,7,0,0
BRDA:61,7,1,0
BRDA:62,8,0,0
BRDA:62,8,1,0
BRDA:63,9,0,0
BRDA:63,9,1,0
BRDA:64,10,0,0
BRDA:64,10,1,0
BRDA:80,11,0,1
BRDA:80,11,1,1
BRDA:80,12,0,2
BRDA:80,12,1,2
BRDA:86,13,0,1
BRDA:86,13,1,0
BRDA:91,14,0,0
BRDA:91,14,1,1
BRF:32
BRH:16
end_of_record
TN:
SF:db\index.js
FNF:0
FNH:0
DA:1,1
DA:2,1
DA:4,1
DA:5,1
DA:6,1
DA:8,1
LF:6
LH:6
BRDA:4,0,0,1
BRDA:4,0,1,0
BRF:2
BRH:1
end_of_record
TN:
SF:middleware\authMiddleware.js
FN:4,(anonymous_0)
FN:10,(anonymous_1)
FN:17,(anonymous_2)
FN:24,(anonymous_3)
FNF:4
FNH:4
FNDA:34,(anonymous_0)
FNDA:33,(anonymous_1)
FNDA:17,(anonymous_2)
FNDA:2,(anonymous_3)
DA:1,2
DA:2,2
DA:4,2
DA:5,34
DA:6,34
DA:8,34
DA:10,33
DA:11,33
DA:12,32
DA:13,32
DA:17,2
DA:18,17
DA:19,3
DA:21,14
DA:24,2
DA:25,2
DA:26,1
DA:28,1
DA:31,2
LF:19
LH:19
BRDA:6,0,0,34
BRDA:6,0,1,33
BRDA:8,1,0,1
BRDA:8,1,1,33
BRDA:11,2,0,1
BRDA:11,2,1,32
BRDA:18,3,0,3
BRDA:18,3,1,14
BRDA:25,4,0,1
BRDA:25,4,1,1
BRF:10
BRH:10
end_of_record
TN:
SF:routes\authRoutes.js
FNF:0
FNH:0
DA:1,1
DA:2,1
DA:3,1
DA:5,1
DA:6,1
DA:8,1
LF:6
LH:6
BRF:0
BRH:0
end_of_record
TN:
SF:routes\bookingRoutes.js
FNF:0
FNH:0
DA:1,1
DA:2,1
DA:3,1
DA:4,1
DA:6,1
DA:7,1
DA:8,1
DA:9,1
DA:11,1
LF:9
LH:9
BRF:0
BRH:0
end_of_record
TN:
SF:routes\classRoutes.js
FNF:0
FNH:0
DA:1,1
DA:2,1
DA:3,1
DA:4,1
DA:6,1
DA:7,1
DA:8,1
DA:9,1
DA:10,1
DA:12,1
LF:10
LH:10
BRF:0
BRH:0
end_of_record
TN:
SF:tests\setup.js
FN:3,(anonymous_0)
FN:33,(anonymous_1)
FNF:2
FNH:2
FNDA:10,(anonymous_0)
FNDA:10,(anonymous_1)
DA:1,1
DA:3,1
DA:4,10
DA:33,1
DA:34,10
DA:35,10
DA:42,1
LF:7
LH:7
BRF:0
BRH:0
end_of_record
